0 info it worked if it ends with ok
1 verbose cli [ '/usr/local/bin/node', '/usr/local/bin/npm', 'star', 'app' ]
2 info using npm@3.9.2
3 info using node@v4.4.4
4 silly mapToRegistry name app
5 silly mapToRegistry using default registry
6 silly mapToRegistry registry https://registry.npmjs.org/
7 silly mapToRegistry data Result {
7 silly mapToRegistry   raw: 'app',
7 silly mapToRegistry   scope: null,
7 silly mapToRegistry   name: 'app',
7 silly mapToRegistry   rawSpec: '',
7 silly mapToRegistry   spec: 'latest',
7 silly mapToRegistry   type: 'tag' }
8 silly mapToRegistry uri https://registry.npmjs.org/app
9 verbose stack Error: Must be logged in to star/unstar packages
9 verbose stack     at CachingRegistryClient.star (/usr/local/lib/node_modules/npm/node_modules/npm-registry-client/lib/star.js:15:14)
9 verbose stack     at /usr/local/lib/node_modules/npm/lib/star.js:35:20
9 verbose stack     at mapToRegistry (/usr/local/lib/node_modules/npm/lib/utils/map-to-registry.js:62:3)
9 verbose stack     at /usr/local/lib/node_modules/npm/lib/star.js:28:5
9 verbose stack     at /usr/local/lib/node_modules/npm/node_modules/slide/lib/async-map.js:52:35
9 verbose stack     at Array.forEach (native)
9 verbose stack     at /usr/local/lib/node_modules/npm/node_modules/slide/lib/async-map.js:52:11
9 verbose stack     at Array.forEach (native)
9 verbose stack     at asyncMap (/usr/local/lib/node_modules/npm/node_modules/slide/lib/async-map.js:51:8)
9 verbose stack     at EventEmitter.star (/usr/local/lib/node_modules/npm/lib/star.js:27:3)
10 verbose cwd /Users/koba/Documents/workspace/NodeJs/TestNodejs
11 error Darwin 15.0.0
12 error argv "/usr/local/bin/node" "/usr/local/bin/npm" "star" "app"
13 error node v4.4.4
14 error npm  v3.9.2
15 error code ENEEDAUTH
16 error need auth Must be logged in to star/unstar packages
17 error need auth You need to authorize this machine using `npm adduser`
18 verbose exit [ 1, true ]
